<?xml version="1.0" encoding="UTF-8"?>
<!-- Generated by org.testng.reporters.JUnitReportReporter -->
<testsuite hostname="DESKTOP-7NBB53I" failures="0" tests="1" name="com.testng.tests.ValidLoginTest" time="37.916" errors="0" timestamp="2024-04-26T21:55:46 IST" skipped="0">
  <testcase classname="com.testng.tests.ValidLoginTest" name="verifyLogin" time="37.916"/>
</testsuite> <!-- com.testng.tests.ValidLoginTest -->
