<?xml version="1.0" encoding="UTF-8"?>
<!-- Generated by org.testng.reporters.JUnitReportReporter -->
<testsuite hostname="DESKTOP-7NBB53I" failures="0" tests="1" name="script.InvalidLoginTest" time="10.163" errors="0" timestamp="2024-03-23T22:57:40 IST" skipped="0">
  <testcase classname="script.InvalidLoginTest" name="verifyLogin" time="10.163"/>
</testsuite> <!-- script.InvalidLoginTest -->
