<?xml version="1.0" encoding="UTF-8"?>
<!-- Generated by org.testng.reporters.JUnitReportReporter -->
<testsuite hostname="DESKTOP-7NBB53I" failures="0" tests="1" name="script.InvalidLogin" time="10.801" errors="0" timestamp="2024-03-22T23:01:50 IST" skipped="0">
  <testcase classname="script.InvalidLogin" name="verifyLogin" time="10.801"/>
</testsuite> <!-- script.InvalidLogin -->
