<?xml version="1.0" encoding="UTF-8"?>
<!-- Generated by org.testng.reporters.JUnitReportReporter -->
<testsuite hostname="DESKTOP-7NBB53I" failures="0" tests="1" name="com.training.tests.LoginTest" time="16.495" errors="0" timestamp="2024-04-30T05:54:39 IST" skipped="0">
  <testcase classname="com.training.tests.LoginTest" name="verifyLogin" time="16.495"/>
</testsuite> <!-- com.training.tests.LoginTest -->
