<?xml version="1.0" encoding="UTF-8"?>
<!-- Generated by org.testng.reporters.JUnitReportReporter -->
<testsuite hostname="DESKTOP-7NBB53I" failures="0" tests="1" name="com.testng.TestA" time="0.021" errors="0" timestamp="2023-08-07T21:02:00 IST" skipped="0">
  <testcase classname="com.testng.TestA" name="test" time="0.021"/>
  <system-out>
    <![CDATA[sahana]]>
  </system-out>
</testsuite> <!-- com.testng.TestA -->
