<?xml version="1.0" encoding="UTF-8"?>
<!-- Generated by org.testng.reporters.JUnitReportReporter -->
<testsuite hostname="DESKTOP-7NBB53I" failures="0" tests="1" name="com.training.restapi.ApiAutomationPlaceHolder" time="5.677" errors="0" timestamp="2023-12-29T16:22:05 IST" skipped="0">
  <testcase classname="com.training.restapi.ApiAutomationPlaceHolder" name="validateUser" time="5.677"/>
  <system-out/>
</testsuite> <!-- com.training.restapi.ApiAutomationPlaceHolder -->
