<?xml version="1.0" encoding="UTF-8"?>
<!-- Generated by org.testng.reporters.JUnitReportReporter -->
<testsuite hostname="DESKTOP-7NBB53I" failures="0" tests="1" name="com.training.restapi.ApiAutomationOfCountries" time="8.537" errors="0" timestamp="2024-01-17T20:42:30 IST" skipped="0">
  <testcase classname="com.training.restapi.ApiAutomationOfCountries" name="getCountries" time="8.537"/>
  <system-out/>
</testsuite> <!-- com.training.restapi.ApiAutomationOfCountries -->
