<?xml version="1.0" encoding="UTF-8"?>
<!-- Generated by org.testng.reporters.JUnitReportReporter -->
<testsuite hostname="DESKTOP-7NBB53I" failures="0" tests="1" name="com.jsonplaceholder.JsonPlaceholderApi" time="10.491" errors="0" timestamp="2023-12-30T11:11:27 IST" skipped="0">
  <testcase classname="com.jsonplaceholder.JsonPlaceholderApi" name="getUsers" time="10.491"/>
  <system-out/>
</testsuite> <!-- com.jsonplaceholder.JsonPlaceholderApi -->
