<?xml version="1.0" encoding="UTF-8"?>
<!-- Generated by org.testng.reporters.JUnitReportReporter -->
<testsuite hostname="DESKTOP-7NBB53I" failures="0" tests="1" name="com.jsonplaceholder.JsonPlaceholderApi" time="6.487" errors="0" timestamp="2024-01-17T20:41:00 IST" skipped="0">
  <testcase classname="com.jsonplaceholder.JsonPlaceholderApi" name="getUsers" time="6.487"/>
  <system-out/>
</testsuite> <!-- com.jsonplaceholder.JsonPlaceholderApi -->
