<?xml version="1.0" encoding="UTF-8"?>
<!-- Generated by org.testng.reporters.JUnitReportReporter -->
<testsuite hostname="DESKTOP-7NBB53I" failures="0" tests="1" name="com.training.restapi.ApiAutomationPlaceHolder" time="6.176" errors="0" timestamp="2024-01-17T20:43:41 IST" skipped="0">
  <testcase classname="com.training.restapi.ApiAutomationPlaceHolder" name="validateUser" time="6.176"/>
  <system-out/>
</testsuite> <!-- com.training.restapi.ApiAutomationPlaceHolder -->
