<?xml version="1.0" encoding="UTF-8"?>
<!-- Generated by org.testng.reporters.JUnitReportReporter -->
<testsuite hostname="DESKTOP-7NBB53I" failures="0" tests="1" name="com.tekarch.cucmber.runnerfiles.SalesforceRunner" time="43.000" errors="0" timestamp="2024-04-13T22:23:18 IST" skipped="0">
  <testcase classname="com.tekarch.cucmber.runnerfiles.SalesforceRunner" name="runScenario" time="43.000"/>
  <system-out/>
</testsuite> <!-- com.tekarch.cucmber.runnerfiles.SalesforceRunner -->
