<?xml version="1.0" encoding="UTF-8"?>
<!-- Generated by org.testng.reporters.JUnitReportReporter -->
<testsuite hostname="DESKTOP-7NBB53I" failures="0" tests="3" name="com.tekarch.cucmber.runnerfiles.InitialRunner" time="0.205" errors="0" timestamp="2024-04-06T21:46:30 IST" skipped="0">
  <testcase classname="com.tekarch.cucmber.runnerfiles.InitialRunner" name="runScenario" time="0.010"/>
  <system-out/>
  <testcase classname="com.tekarch.cucmber.runnerfiles.InitialRunner" name="runScenario" time="0.187"/>
  <system-out/>
  <testcase classname="com.tekarch.cucmber.runnerfiles.InitialRunner" name="runScenario" time="0.008"/>
  <system-out/>
</testsuite> <!-- com.tekarch.cucmber.runnerfiles.InitialRunner -->
