<?xml version="1.0" encoding="UTF-8"?>
<!-- Generated by org.testng.reporters.JUnitReportReporter -->
<testsuite hostname="DESKTOP-7NBB53I" failures="0" tests="1" name="com.training.test.LoginTest1" time="15.357" errors="0" timestamp="2024-04-20T18:00:35 IST" skipped="0">
  <testcase classname="com.training.test.LoginTest1" name="verifyLogin" time="15.357"/>
  <system-out/>
</testsuite> <!-- com.training.test.LoginTest1 -->
