<?xml version="1.0" encoding="UTF-8"?>
<!-- Generated by org.testng.reporters.JUnitReportReporter -->
<testsuite hostname="DESKTOP-7NBB53I" failures="0" tests="1" name="test.TekarchApi" time="5.002" errors="0" timestamp="05 Jan 2024 08:01:22 GMT" skipped="0">
  <testcase classname="test.TekarchApi" name="validateLogin" time="5.002"/>
</testsuite> <!-- test.TekarchApi -->
